[2018-11-19 11:21:16] product-cartegory.ERROR: Error SQLSTATE[21S01]: Insert value list does not match column list: 1136 Column count doesn't match value count at row 1 [] []
[2018-11-19 11:32:28] ProductCartegoryModel.ERROR: Error SQLSTATE[21S01]: Insert value list does not match column list: 1136 Column count doesn't match value count at row 1 [] []
[2018-11-19 11:34:38] ProductCartegoryModel.ERROR: Error SQLSTATE[21S01]: Insert value list does not match column list: 1136 Column count doesn't match value count at row 1 [] []
[2018-11-19 11:36:17] ProductCartegoryModel.ERROR: Error SQLSTATE[21S01]: Insert value list does not match column list: 1136 Column count doesn't match value count at row 1 [] []
[2018-11-19 11:37:20] ProductCartegoryModel.ERROR: Error SQLSTATE[23000]: Integrity constraint violation: 1048 Column 'cartegory_name' cannot be null [] []
[2018-11-19 11:51:00] ProductCartegoryModel.ERROR: Error SQLSTATE[23000]: Integrity constraint violation: 1048 Column 'cartegory_name' cannot be null [] []
[2018-11-19 11:53:22] ProductCartegoryModel.ERROR: Error SQLSTATE[23000]: Integrity constraint violation: 1048 Column 'cartegory_name' cannot be null [] []
[2018-11-19 14:54:44] ProductCartegoryModel.ERROR: Error SQLSTATE[HY093]: Invalid parameter number [] []
[2018-11-19 14:55:08] ProductCartegoryModel.ERROR: Error SQLSTATE[HY093]: Invalid parameter number [] []
[2018-11-20 09:48:37] SaleCreditModel.ERROR: Error SQLSTATE[23000]: Integrity constraint violation: 1048 Column 'sale_id' cannot be null [] []
[2018-11-20 12:06:51] SaleTransactionModel.ERROR: Error SQLSTATE[23000]: Integrity constraint violation: 1048 Column 'transaction_number' cannot be null [] []
[2018-11-20 14:22:38] ServiceSaleModel.ERROR: Error SQLSTATE[HY000]: General error: 1366 Incorrect integer value: '' for column 'business_id' at row 1 [] []
[2018-11-21 04:17:26] SuppliedProductModel.ERROR: Error SQLSTATE[22001]: String data, right truncated: 1406 Data too long for column 'date_time' at row 1 [] []
[2018-11-22 09:59:15] Email.ERROR: Email is invalid! [] []
[2018-11-22 10:09:59] Email.ERROR: Phone number is invalid! [] []
[2018-11-22 10:10:56] Phone.ERROR: Phone number is invalid! [] []
[2018-11-22 10:11:22] Phone.ERROR: Phone number is invalid! [] []
[2018-11-27 03:19:24] BusinessRoleModel.ERROR: Error SQLSTATE[23000]: Integrity constraint violation: 1048 Column 'user_id' cannot be null [] []
[2018-11-27 03:20:29] BusinessRoleModel.ERROR: Error SQLSTATE[23000]: Integrity constraint violation: 1048 Column 'user_id' cannot be null [] []
[2018-11-27 03:27:31] BusinessRoleModel.ERROR: Error SQLSTATE[23000]: Integrity constraint violation: 1048 Column 'user_id' cannot be null [] []
[2018-11-27 04:13:29] UserModel.ERROR: Error SQLSTATE[42S22]: Column not found: 1054 Unknown column 'businesses' in 'field list' [] []
[2018-11-27 04:14:05] UserModel.ERROR: Error SQLSTATE[42S22]: Column not found: 1054 Unknown column 'businesses' in 'field list' [] []
[2018-11-29 03:26:38] BusinessRoleModel.ERROR: Error SQLSTATE[23000]: Integrity constraint violation: 1052 Column 'user_id' in where clause is ambiguous [] []
[2018-11-29 03:28:39] BusinessRoleModel.ERROR: Error SQLSTATE[23000]: Integrity constraint violation: 1052 Column 'user_id' in where clause is ambiguous [] []
[2018-11-29 03:37:50] BusinessRoleModel.ERROR: Error SQLSTATE[42000]: Syntax error or access violation: 1064 You have an error in your SQL syntax; check the manual that corresponds to your MySQL server version for the right syntax to use near 'EXCLUDE date_time FROM business_roles LEFT JOIN users ON business_roles.user_id ' at line 1 [] []
[2018-12-04 08:06:42] ProductSaleModel.ERROR: Error SQLSTATE[42S22]: Column not found: 1054 Unknown column 'products_sales.business_id' in 'where clause' [] []
[2018-12-04 08:07:13] ProductSaleModel.ERROR: Error SQLSTATE[42S22]: Column not found: 1054 Unknown column 'products_sales.business_id' in 'where clause' [] []
[2018-12-05 08:23:44] SaleCreditModel.ERROR: Error SQLSTATE[23000]: Integrity constraint violation: 1052 Column 'business_id' in where clause is ambiguous [] []
[2018-12-05 08:24:09] SaleCreditModel.ERROR: Error SQLSTATE[23000]: Integrity constraint violation: 1052 Column 'business_id' in where clause is ambiguous [] []
[2018-12-05 15:25:45] SupplierProductModel.ERROR: Error SQLSTATE[42S22]: Column not found: 1054 Unknown column 'supplied_products.business_id' in 'where clause' [] []
[2019-03-18 11:51:42] Email.ERROR: Email cannot be empty! [] []
[2019-03-20 07:46:33] Email.ERROR: Email cannot be empty! [] []
[2019-03-20 08:25:36] Email.ERROR: Email cannot be empty! [] []
[2019-03-20 08:27:04] Phone.ERROR: Phone number is invalid! [] []
[2019-03-21 12:52:30] Email.ERROR: Email cannot be empty! [] []
[2019-03-21 12:52:35] Email.ERROR: Email cannot be empty! [] []
[2019-03-21 12:54:48] Email.ERROR: Email cannot be empty! [] []
[2019-03-21 12:55:56] Email.ERROR: Email cannot be empty! [] []
[2019-03-21 12:55:56] Email.ERROR: Email is invalid! [] []
[2019-03-21 12:55:56] Phone.ERROR: Phone cannot be empty! [] []
[2019-03-21 12:58:35] Email.ERROR: Email cannot be empty! [] []
[2019-03-21 12:58:35] Email.ERROR: Email is invalid! [] []
[2019-03-21 12:58:35] Phone.ERROR: Phone cannot be empty! [] []
[2019-03-21 12:58:35] Phone.ERROR: Phone number is invalid! [] []
[2019-03-21 13:00:11] Email.ERROR: Email cannot be empty! [] []
[2019-03-21 13:00:11] Email.ERROR: Email is invalid! [] []
[2019-03-21 13:00:11] Phone.ERROR: Phone cannot be empty! [] []
[2019-03-21 13:00:11] Phone.ERROR: Phone number is invalid! [] []
[2019-03-21 13:01:09] Email.ERROR: Email cannot be empty! [] []
[2019-03-21 13:01:09] Email.ERROR: Email is invalid! [] []
[2019-03-21 13:01:09] Phone.ERROR: Phone cannot be empty! [] []
[2019-03-21 13:01:09] Phone.ERROR: Phone number is invalid! [] []
[2019-03-22 08:44:35] Email.ERROR: Email cannot be empty! [] []
[2019-03-22 08:44:36] Email.ERROR: Email is invalid! [] []
[2019-03-22 08:44:36] Phone.ERROR: Phone cannot be empty! [] []
[2019-03-22 08:44:36] Phone.ERROR: Phone number is invalid! [] []
[2019-10-30 16:28:25] UserModel.ERROR: Error Connection failed! SQLSTATE[HY000] [1045] Access denied for user 'root'@'localhost' (using password: YES) [] []
[2019-10-30 16:35:25] UserModel.ERROR: Error Connection failed! SQLSTATE[HY000] [1045] Access denied for user 'root'@'localhost' (using password: YES) [] []
[2019-10-30 16:39:29] UserModel.ERROR: Error Connection failed! SQLSTATE[HY000] [1045] Access denied for user 'root'@'localhost' (using password: YES) [] []
[2019-10-30 16:40:10] UserModel.ERROR: Error Connection failed! SQLSTATE[HY000] [1045] Access denied for user 'root'@'localhost' (using password: YES) [] []
[2019-10-31 08:30:39] Email.ERROR: Email cannot be empty! [] []
[2019-10-31 08:30:39] Email.ERROR: Email is invalid! [] []
[2019-10-31 08:30:39] Phone.ERROR: Phone cannot be empty! [] []
[2019-10-31 08:30:39] Phone.ERROR: Phone number is invalid! [] []
[2019-10-31 10:36:11] UserModel.ERROR: Error Connection failed! SQLSTATE[HY000] [2002] No connection could be made because the target machine actively refused it.  [] []
[2019-10-31 10:41:15] Email.ERROR: Email cannot be empty! [] []
[2019-10-31 10:41:15] Email.ERROR: Email is invalid! [] []
[2019-10-31 10:41:15] Phone.ERROR: Phone cannot be empty! [] []
[2019-10-31 10:41:15] Phone.ERROR: Phone number is invalid! [] []
[2019-10-31 11:23:50] Email.ERROR: Email cannot be empty! [] []
[2019-10-31 11:23:50] Email.ERROR: Email is invalid! [] []
[2019-10-31 11:23:50] Phone.ERROR: Phone cannot be empty! [] []
[2019-10-31 11:23:50] Phone.ERROR: Phone number is invalid! [] []
[2019-10-31 11:27:30] Email.ERROR: Email cannot be empty! [] []
[2019-10-31 11:27:30] Email.ERROR: Email is invalid! [] []
[2019-10-31 11:27:30] Phone.ERROR: Phone cannot be empty! [] []
[2019-10-31 11:27:30] Phone.ERROR: Phone number is invalid! [] []
[2019-10-31 11:28:12] Email.ERROR: Email cannot be empty! [] []
[2019-10-31 11:28:12] Email.ERROR: Email is invalid! [] []
[2019-10-31 11:28:12] Phone.ERROR: Phone cannot be empty! [] []
[2019-10-31 11:28:12] Phone.ERROR: Phone number is invalid! [] []
[2019-10-31 11:28:42] Email.ERROR: Email cannot be empty! [] []
[2019-10-31 11:28:42] Email.ERROR: Email is invalid! [] []
[2019-10-31 11:28:42] Phone.ERROR: Phone cannot be empty! [] []
[2019-10-31 11:28:42] Phone.ERROR: Phone number is invalid! [] []
[2019-10-31 11:28:50] Email.ERROR: Email cannot be empty! [] []
[2019-10-31 11:28:50] Email.ERROR: Email is invalid! [] []
[2019-10-31 11:28:50] Phone.ERROR: Phone cannot be empty! [] []
[2019-10-31 11:28:50] Phone.ERROR: Phone number is invalid! [] []
[2019-10-31 11:29:06] Email.ERROR: Email cannot be empty! [] []
[2019-10-31 11:29:06] Email.ERROR: Email is invalid! [] []
[2019-10-31 11:29:06] Phone.ERROR: Phone cannot be empty! [] []
[2019-10-31 11:29:06] Phone.ERROR: Phone number is invalid! [] []
[2019-10-31 11:34:12] Email.ERROR: Email cannot be empty! [] []
[2019-10-31 11:34:12] Email.ERROR: Email is invalid! [] []
[2019-10-31 11:34:12] Phone.ERROR: Phone cannot be empty! [] []
[2019-10-31 11:34:12] Phone.ERROR: Phone number is invalid! [] []
[2019-10-31 11:34:50] Email.ERROR: Email cannot be empty! [] []
[2019-10-31 11:34:50] Email.ERROR: Email is invalid! [] []
[2019-10-31 11:34:50] Phone.ERROR: Phone cannot be empty! [] []
[2019-10-31 11:34:50] Phone.ERROR: Phone number is invalid! [] []
[2019-10-31 11:35:03] Email.ERROR: Email cannot be empty! [] []
[2019-10-31 11:35:03] Email.ERROR: Email is invalid! [] []
[2019-10-31 11:35:03] Phone.ERROR: Phone cannot be empty! [] []
[2019-10-31 11:35:03] Phone.ERROR: Phone number is invalid! [] []
[2019-10-31 11:41:13] Password.ERROR: Password characters must be more than 5! [] []
[2019-10-31 11:42:35] Password.ERROR: Password characters must be more than 5! [] []
[2019-10-31 11:42:52] Password.ERROR: Password characters must be more than 5! [] []
[2019-10-31 13:40:25] Password.ERROR: Password characters must be more than 5! [] []
[2019-10-31 13:55:40] Password.ERROR: Password characters must be more than 5! [] []
[2019-10-31 13:55:42] Password.ERROR: Password characters must be more than 5! [] []
[2019-10-31 13:55:43] Password.ERROR: Password characters must be more than 5! [] []
[2019-11-03 09:30:20] ProductModel.ERROR: Error SQLSTATE[23000]: Integrity constraint violation: 1048 Column 'product_cartegory_id' cannot be null [] []
[2019-11-03 09:30:36] ProductModel.ERROR: Error SQLSTATE[23000]: Integrity constraint violation: 1048 Column 'product_cartegory_id' cannot be null [] []
[2019-11-03 09:30:44] ProductModel.ERROR: Error SQLSTATE[23000]: Integrity constraint violation: 1048 Column 'product_cartegory_id' cannot be null [] []
[2019-11-03 10:47:22] ProductModel.ERROR: Error SQLSTATE[23000]: Integrity constraint violation: 1048 Column 'product_cartegory_id' cannot be null [] []
[2019-11-03 11:36:20] ServiceModel.ERROR: Error SQLSTATE[23000]: Integrity constraint violation: 1048 Column 'service_desc' cannot be null [] []
[2019-11-03 11:36:48] ServiceModel.ERROR: Error SQLSTATE[23000]: Integrity constraint violation: 1048 Column 'service_desc' cannot be null [] []
[2019-11-03 11:37:07] ServiceModel.ERROR: Error SQLSTATE[23000]: Integrity constraint violation: 1048 Column 'service_desc' cannot be null [] []
[2019-11-11 14:20:01] SaleTransactionModel.ERROR: Error SQLSTATE[42S22]: Column not found: 1054 Unknown column 'sales_transactions.created_by' in 'on clause' [] []
[2019-11-14 09:04:13] Phone.ERROR: Phone cannot be empty! [] []
[2019-11-14 09:04:13] Phone.ERROR: Phone number is invalid! [] []
[2019-11-14 09:06:52] Phone.ERROR: Phone cannot be empty! [] []
[2019-11-14 09:06:52] Phone.ERROR: Phone number is invalid! [] []
[2019-11-14 10:56:49] UserModel.ERROR: Error SQLSTATE[23000]: Integrity constraint violation: 1048 Column 'business_name' cannot be null [] []
[2019-11-14 10:57:03] UserModel.ERROR: Error SQLSTATE[23000]: Integrity constraint violation: 1048 Column 'business_name' cannot be null [] []
[2019-11-14 13:55:38] BusinessRoleModel.ERROR: Error SQLSTATE[23000]: Integrity constraint violation: 1048 Column 'employee_id' cannot be null [] []
[2019-11-14 13:55:38] BusinessRoleModel.ERROR: Error SQLSTATE[23000]: Integrity constraint violation: 1048 Column 'employee_id' cannot be null [] []
[2019-11-14 13:55:38] BusinessRoleModel.ERROR: Error SQLSTATE[23000]: Integrity constraint violation: 1048 Column 'employee_id' cannot be null [] []
[2019-11-14 13:56:13] BusinessRoleModel.ERROR: Error SQLSTATE[23000]: Integrity constraint violation: 1048 Column 'privilege_id' cannot be null [] []
[2019-11-14 13:56:37] BusinessRoleModel.ERROR: Error SQLSTATE[23000]: Integrity constraint violation: 1048 Column 'privilege_id' cannot be null [] []
[2019-11-14 13:57:56] BusinessRoleModel.ERROR: Error SQLSTATE[23000]: Integrity constraint violation: 1048 Column 'privilege_id' cannot be null [] []
[2019-11-14 13:57:56] BusinessRoleModel.ERROR: Error Connection failed! SQLSTATE[HY000] [1045] Access denied for user ''@'localhost' (using password: NO) [] []
[2019-11-14 13:59:05] BusinessRoleModel.ERROR: Error SQLSTATE[23000]: Integrity constraint violation: 1048 Column 'privilege_id' cannot be null [] []
[2019-11-14 13:59:25] BusinessRoleModel.ERROR: Error SQLSTATE[23000]: Integrity constraint violation: 1048 Column 'privilege_id' cannot be null [] []
[2019-11-14 14:22:38] BusinessRoleModel.ERROR: Error SQLSTATE[23000]: Integrity constraint violation: 1048 Column 'privilege_id' cannot be null [] []
[2019-11-14 14:23:39] BusinessRoleModel.ERROR: Error SQLSTATE[23000]: Integrity constraint violation: 1048 Column 'privilege_id' cannot be null [] []
[2019-11-14 14:23:39] BusinessRoleModel.ERROR: Error Connection failed! SQLSTATE[HY000] [1045] Access denied for user ''@'localhost' (using password: NO) [] []
[2019-11-17 16:09:53] StockModel.ERROR: Error SQLSTATE[23000]: Integrity constraint violation: 1048 Column 'product_id' cannot be null [] []
[2019-11-18 15:47:36] SaleModel.ERROR: Error SQLSTATE[42S22]: Column not found: 1054 Unknown column 'transactions.business_id' in 'where clause' [] []
[2019-11-18 15:47:48] SaleModel.ERROR: Error SQLSTATE[42S22]: Column not found: 1054 Unknown column 'transactions.business_id' in 'where clause' [] []
[2019-11-18 16:01:28] SaleModel.ERROR: Error SQLSTATE[42000]: Syntax error or access violation: 1066 Not unique table/alias: 'sales' [] []
[2019-11-18 16:01:31] SaleModel.ERROR: Error SQLSTATE[42000]: Syntax error or access violation: 1066 Not unique table/alias: 'sales' [] []
[2019-11-18 16:10:35] SaleModel.ERROR: Error SQLSTATE[42S22]: Column not found: 1054 Unknown column 'sales.business_id' in 'where clause' [] []
[2019-11-25 12:16:11] ProductModel.ERROR: Error SQLSTATE[23000]: Integrity constraint violation: 1052 Column 'business_id' in where clause is ambiguous [] []
[2019-11-25 12:16:35] ProductModel.ERROR: Error SQLSTATE[23000]: Integrity constraint violation: 1052 Column 'business_id' in where clause is ambiguous [] []
[2019-11-25 12:21:57] ProductModel.ERROR: Error SQLSTATE[42000]: Syntax error or access violation: 1064 You have an error in your SQL syntax; check the manual that corresponds to your MariaDB server version for the right syntax to use near 'OUTER JOIN product_stocks ON products.product_id = product_stocks.product_id WHE' at line 1 [] []
[2019-11-26 10:53:03] Phone.ERROR: Phone number is invalid! [] []
[2019-11-26 10:53:47] Phone.ERROR: Phone number is invalid! [] []
[2019-11-26 10:55:20] Phone.ERROR: Phone number is invalid! [] []
[2019-11-26 10:55:41] Phone.ERROR: Phone number is invalid! [] []
[2019-11-29 08:51:58] TransactionModel.ERROR: Error SQLSTATE[42S22]: Column not found: 1054 Unknown column 'businessId' in 'where clause' [] []
[2019-11-29 08:52:20] TransactionModel.ERROR: Error SQLSTATE[42S22]: Column not found: 1054 Unknown column 'businessId' in 'where clause' [] []
[2019-11-29 08:54:51] TransactionModel.ERROR: Error SQLSTATE[42S22]: Column not found: 1054 Unknown column 'businessId' in 'where clause' [] []
[2019-11-29 08:55:11] TransactionModel.ERROR: Error SQLSTATE[42S22]: Column not found: 1054 Unknown column 'businessId' in 'where clause' [] []
[2019-11-29 08:56:04] TransactionModel.ERROR: Error SQLSTATE[42S22]: Column not found: 1054 Unknown column 'businessId' in 'where clause' [] []
[2019-11-29 08:57:05] TransactionModel.ERROR: Error SQLSTATE[42S22]: Column not found: 1054 Unknown column 'businessId' in 'where clause' [] []
[2019-11-29 08:57:23] TransactionModel.ERROR: Error SQLSTATE[42S22]: Column not found: 1054 Unknown column 'businessId' in 'where clause' [] []
[2019-11-29 08:57:24] TransactionModel.ERROR: Error SQLSTATE[42S22]: Column not found: 1054 Unknown column 'businessId' in 'where clause' [] []
[2019-11-29 08:57:25] TransactionModel.ERROR: Error SQLSTATE[42S22]: Column not found: 1054 Unknown column 'businessId' in 'where clause' [] []
[2019-11-29 08:57:37] TransactionModel.ERROR: Error SQLSTATE[42S22]: Column not found: 1054 Unknown column 'businessId' in 'where clause' [] []
[2019-11-29 08:57:38] TransactionModel.ERROR: Error SQLSTATE[42S22]: Column not found: 1054 Unknown column 'businessId' in 'where clause' [] []
[2019-11-29 08:58:05] TransactionModel.ERROR: Error SQLSTATE[42S22]: Column not found: 1054 Unknown column 'businessId' in 'where clause' [] []
[2019-11-29 09:04:51] TransactionModel.ERROR: Error SQLSTATE[HY093]: Invalid parameter number [] []
[2019-11-29 09:05:05] TransactionModel.ERROR: Error SQLSTATE[HY093]: Invalid parameter number [] []
[2019-11-29 11:08:39] SuppliedProductModel.ERROR: Error SQLSTATE[42000]: Syntax error or access violation: 1064 You have an error in your SQL syntax; check the manual that corresponds to your MariaDB server version for the right syntax to use near 'AS amount FROM supplied_products WHERE business_id = ?' at line 1 [] []
[2019-11-29 14:52:23] ProfitAndLossModel.ERROR: Error SQLSTATE[42S02]: Base table or view not found: 1146 Table 'zapi.supplied_products' doesn't exist [] []
[2019-11-29 14:53:11] ProfitAndLossModel.ERROR: Error SQLSTATE[42S02]: Base table or view not found: 1146 Table 'zapi.supplied_products' doesn't exist [] []
[2019-12-04 07:54:51] TransactionModel.ERROR: Error There is already an active transaction [] []
[2019-12-04 08:24:36] TransactionModel.ERROR: Error SQLSTATE[23000]: Integrity constraint violation: 1048 Column 'cost' cannot be null [] []
[2019-12-04 08:24:36] TransactionModel.ERROR: Error SQLSTATE[23000]: Integrity constraint violation: 1048 Column 'cost' cannot be null [] []
[2019-12-04 08:28:08] ProfitAndLossModel.ERROR: Error SQLSTATE[42S22]: Column not found: 1054 Unknown column 'item_cost' in 'field list' [] []
[2019-12-04 08:29:24] ProfitAndLossModel.ERROR: Error SQLSTATE[42S22]: Column not found: 1054 Unknown column 'item_cost' in 'field list' [] []
[2019-12-04 08:32:01] ProfitAndLossModel.ERROR: Error SQLSTATE[42S22]: Column not found: 1054 Unknown column 'item_cost' in 'field list' [] []
[2019-12-04 08:32:32] ProfitAndLossModel.ERROR: Error SQLSTATE[42S22]: Column not found: 1054 Unknown column 'item_cost' in 'field list' [] []
[2019-12-04 10:48:49] ProfitAndLossModel.ERROR: Error SQLSTATE[42S22]: Column not found: 1054 Unknown column 'products_sold.quantity' in 'field list' [] []
[2019-12-05 07:47:44] AssetModel.ERROR: Error Connection failed! SQLSTATE[HY000] [1045] Access denied for user ''@'localhost' (using password: NO) [] []
[2019-12-06 09:37:14] AssetModel.ERROR: Error Connection failed! SQLSTATE[HY000] [1045] Access denied for user ''@'localhost' (using password: NO) [] []
[2019-12-06 09:52:48] AssetModel.ERROR: Error Connection failed! SQLSTATE[HY000] [1045] Access denied for user ''@'localhost' (using password: NO) [] []
[2019-12-06 10:41:50] AssetModel.ERROR: Error Connection failed! SQLSTATE[HY000] [1045] Access denied for user ''@'localhost' (using password: NO) [] []
[2019-12-06 11:22:17] FixedAssetModel.ERROR: Error Connection failed! SQLSTATE[HY000] [1045] Access denied for user ''@'localhost' (using password: NO) [] []
[2019-12-06 11:33:19] FixedAssetModel.ERROR: Error Connection failed! SQLSTATE[HY000] [1045] Access denied for user ''@'localhost' (using password: NO) [] []
[2019-12-06 11:33:19] FixedAssetModel.ERROR: Error Connection failed! SQLSTATE[HY000] [1045] Access denied for user ''@'localhost' (using password: NO) [] []
[2019-12-06 11:33:23] FixedAssetModel.ERROR: Error Connection failed! SQLSTATE[HY000] [1045] Access denied for user ''@'localhost' (using password: NO) [] []
[2019-12-06 11:33:23] FixedAssetModel.ERROR: Error Connection failed! SQLSTATE[HY000] [1045] Access denied for user ''@'localhost' (using password: NO) [] []
[2019-12-06 11:39:17] FixedAssetModel.ERROR: Error Connection failed! SQLSTATE[HY000] [1045] Access denied for user ''@'localhost' (using password: NO) [] []
[2019-12-06 11:39:48] FixedAssetModel.ERROR: Error Connection failed! SQLSTATE[HY000] [1045] Access denied for user ''@'localhost' (using password: NO) [] []
[2019-12-06 11:44:08] FixedAssetModel.ERROR: Error Connection failed! SQLSTATE[HY000] [1045] Access denied for user ''@'localhost' (using password: NO) [] []
[2019-12-06 11:44:32] FixedAssetModel.ERROR: Error Connection failed! SQLSTATE[HY000] [1045] Access denied for user ''@'localhost' (using password: NO) [] []
[2019-12-06 14:39:22] FixedAssetModel.ERROR: Error SQLSTATE[23000]: Integrity constraint violation: 1052 Column 'business_id' in where clause is ambiguous [] []
[2019-12-06 14:40:37] FixedAssetModel.ERROR: Error SQLSTATE[23000]: Integrity constraint violation: 1052 Column 'business_id' in where clause is ambiguous [] []
[2019-12-06 14:41:52] FixedAssetModel.ERROR: Error SQLSTATE[HY093]: Invalid parameter number [] []
[2019-12-06 14:41:56] FixedAssetModel.ERROR: Error SQLSTATE[HY093]: Invalid parameter number [] []
[2019-12-06 14:44:53] FixedAssetModel.ERROR: Error SQLSTATE[42000]: Syntax error or access violation: 1064 You have an error in your SQL syntax; check the manual that corresponds to your MariaDB server version for the right syntax to use near 'current_assets, fixed_assets, inventory' at line 1 [] []
[2019-12-08 14:20:34] AssetModel.ERROR: Error SQLSTATE[42000]: Syntax error or access violation: 1064 You have an error in your SQL syntax; check the manual that corresponds to your MariaDB server version for the right syntax to use near '' at line 5 [] []
[2019-12-20 17:28:39] UserModel.ERROR: Error SQLSTATE[23000]: Integrity constraint violation: 1048 Column 'business_name' cannot be null [] []
[2019-12-20 17:30:57] UserModel.ERROR: Error SQLSTATE[23000]: Integrity constraint violation: 1048 Column 'business_name' cannot be null [] []
[2019-12-24 11:34:54] Phone.ERROR: Phone number is invalid! [] []
[2019-12-24 11:36:08] Phone.ERROR: Phone number is invalid! [] []
[2019-12-24 11:36:25] Phone.ERROR: Phone number is invalid! [] []
[2019-12-24 14:27:05] SupplierModel.ERROR: Error SQLSTATE[23000]: Integrity constraint violation: 1048 Column 'supplier_name' cannot be null [] []
[2019-12-24 14:27:39] SupplierModel.ERROR: Error SQLSTATE[23000]: Integrity constraint violation: 1048 Column 'supplier_name' cannot be null [] []
[2019-12-24 14:28:37] SupplierModel.ERROR: Error SQLSTATE[23000]: Integrity constraint violation: 1048 Column 'supplier_name' cannot be null [] []
[2019-12-30 10:14:12] Phone.ERROR: Phone number is invalid! [] []
[2019-12-30 10:57:41] Password.ERROR: Password cannot be empty! [] []
[2019-12-30 10:57:41] Password.ERROR: Password characters must be more than 5! [] []
[2020-01-03 14:15:10] SessionModel.ERROR: Error Connection failed! SQLSTATE[HY000] [1045] Access denied for user ''@'localhost' (using password: NO) [] []
[2020-01-03 14:16:47] SessionModel.ERROR: Error Connection failed! SQLSTATE[HY000] [1045] Access denied for user ''@'localhost' (using password: NO) [] []
[2020-01-03 14:18:38] SessionModel.ERROR: Error Connection failed! SQLSTATE[HY000] [1045] Access denied for user ''@'localhost' (using password: NO) [] []
[2020-01-03 14:22:25] SessionModel.ERROR: Error Connection failed! SQLSTATE[HY000] [1045] Access denied for user ''@'localhost' (using password: NO) [] []
[2020-01-03 14:25:02] SessionModel.ERROR: Error Connection failed! SQLSTATE[HY000] [1045] Access denied for user ''@'localhost' (using password: NO) [] []
[2020-01-03 14:25:41] SessionModel.ERROR: Error Connection failed! SQLSTATE[HY000] [1045] Access denied for user ''@'localhost' (using password: NO) [] []
[2020-01-03 14:25:41] Password.ERROR: Password cannot be empty! [] []
[2020-01-03 14:25:41] Password.ERROR: Password characters must be more than 5! [] []
[2020-01-03 14:26:01] SessionModel.ERROR: Error Connection failed! SQLSTATE[HY000] [1045] Access denied for user ''@'localhost' (using password: NO) [] []
[2020-01-03 14:26:59] SessionModel.ERROR: Error Connection failed! SQLSTATE[HY000] [1045] Access denied for user ''@'localhost' (using password: NO) [] []
[2020-01-03 14:30:19] SessionModel.ERROR: Error Connection failed! SQLSTATE[HY000] [1045] Access denied for user ''@'localhost' (using password: NO) [] []
[2020-01-03 14:32:37] SessionModel.ERROR: Error Connection failed! SQLSTATE[HY000] [1045] Access denied for user ''@'localhost' (using password: NO) [] []
[2020-01-03 16:00:17] SessionModel.ERROR: Error Connection failed! SQLSTATE[HY000] [1045] Access denied for user ''@'localhost' (using password: NO) [] []
[2020-01-03 16:03:16] SessionModel.ERROR: Error Connection failed! SQLSTATE[HY000] [1045] Access denied for user ''@'localhost' (using password: NO) [] []
[2020-01-03 16:04:52] SessionModel.ERROR: Error Connection failed! SQLSTATE[HY000] [1045] Access denied for user ''@'localhost' (using password: NO) [] []
[2020-01-03 16:11:51] SessionModel.ERROR: Error Connection failed! SQLSTATE[HY000] [1045] Access denied for user ''@'localhost' (using password: NO) [] []
[2020-01-03 16:13:05] SessionModel.ERROR: Error Connection failed! SQLSTATE[HY000] [1045] Access denied for user ''@'localhost' (using password: NO) [] []
[2020-01-03 16:13:26] SessionModel.ERROR: Error Connection failed! SQLSTATE[HY000] [1045] Access denied for user ''@'localhost' (using password: NO) [] []
[2020-01-06 07:35:43] SessionModel.ERROR: Error Connection failed! SQLSTATE[HY000] [1045] Access denied for user ''@'localhost' (using password: NO) [] []
[2020-01-06 07:48:28] SessionModel.ERROR: Error Connection failed! SQLSTATE[HY000] [1045] Access denied for user ''@'localhost' (using password: NO) [] []
[2020-01-06 07:51:08] SessionModel.ERROR: Error Connection failed! SQLSTATE[HY000] [1045] Access denied for user ''@'localhost' (using password: NO) [] []
[2020-01-06 08:03:13] SessionModel.ERROR: Error Connection failed! SQLSTATE[HY000] [1045] Access denied for user ''@'localhost' (using password: NO) [] []
[2020-01-06 08:03:56] SessionModel.ERROR: Error Connection failed! SQLSTATE[HY000] [1045] Access denied for user ''@'localhost' (using password: NO) [] []
[2020-01-06 08:03:59] SessionModel.ERROR: Error Connection failed! SQLSTATE[HY000] [1045] Access denied for user ''@'localhost' (using password: NO) [] []
[2020-01-13 07:27:26] SessionModel.ERROR: Error Connection failed! SQLSTATE[HY000] [1045] Access denied for user ''@'localhost' (using password: NO) [] []
[2020-01-13 07:32:36] SessionModel.ERROR: Error Connection failed! SQLSTATE[HY000] [1045] Access denied for user ''@'localhost' (using password: NO) [] []
[2020-01-13 07:41:01] SessionModel.ERROR: Error Connection failed! SQLSTATE[HY000] [1045] Access denied for user ''@'localhost' (using password: NO) [] []
[2020-01-13 07:41:43] SessionModel.ERROR: Error Connection failed! SQLSTATE[HY000] [1045] Access denied for user ''@'localhost' (using password: NO) [] []
[2020-01-13 07:51:21] SessionModel.ERROR: Error Connection failed! SQLSTATE[HY000] [1045] Access denied for user ''@'localhost' (using password: NO) [] []
[2020-01-13 08:01:06] SessionModel.ERROR: Error Connection failed! SQLSTATE[HY000] [1045] Access denied for user ''@'localhost' (using password: NO) [] []
[2020-01-13 08:02:22] SessionModel.ERROR: Error Connection failed! SQLSTATE[HY000] [1045] Access denied for user ''@'localhost' (using password: NO) [] []
[2020-01-13 08:26:29] SessionModel.ERROR: Error Connection failed! SQLSTATE[HY000] [1045] Access denied for user ''@'localhost' (using password: NO) [] []
[2020-01-13 08:41:32] UserModel.ERROR: Error Connection failed! SQLSTATE[HY000] [1045] Access denied for user 'root'@'localhost' (using password: YES) [] []
[2020-01-13 08:41:32] SessionModel.ERROR: Error Connection failed! SQLSTATE[HY000] [1045] Access denied for user ''@'localhost' (using password: NO) [] []
[2020-01-13 08:43:04] UserModel.ERROR: Error Connection failed! SQLSTATE[HY000] [1045] Access denied for user 'root'@'localhost' (using password: YES) [] []
[2020-01-13 08:43:04] SessionModel.ERROR: Error Connection failed! SQLSTATE[HY000] [1045] Access denied for user ''@'localhost' (using password: NO) [] []
[2020-01-13 08:45:37] UserModel.ERROR: Error Connection failed! SQLSTATE[HY000] [1045] Access denied for user 'root'@'localhost' (using password: YES) [] []
[2020-01-13 08:45:37] SessionModel.ERROR: Error Connection failed! SQLSTATE[HY000] [1045] Access denied for user ''@'localhost' (using password: NO) [] []
[2020-01-13 08:51:01] UserModel.ERROR: Error Connection failed! SQLSTATE[HY000] [1045] Access denied for user 'root'@'localhost' (using password: YES) [] []
[2020-01-13 08:51:01] SessionModel.ERROR: Error SQLSTATE[HY000] [1045] Access denied for user ''@'localhost' (using password: NO) [] []
[2020-01-13 08:52:03] UserModel.ERROR: Error Connection failed! SQLSTATE[HY000] [1045] Access denied for user 'root'@'localhost' (using password: YES) [] []
[2020-01-13 08:52:03] SessionModel.ERROR: Error SQLSTATE[HY000] [1045] Access denied for user 'root'@'localhost' (using password: YES) [] []
[2020-01-13 08:52:15] UserModel.ERROR: Error Connection failed! SQLSTATE[HY000] [1045] Access denied for user 'root'@'localhost' (using password: YES) [] []
[2020-01-13 08:52:41] UserModel.ERROR: Error Connection failed! SQLSTATE[HY000] [1045] Access denied for user 'root'@'localhost' (using password: YES) [] []
[2020-01-13 08:53:02] UserModel.ERROR: Error Connection failed! SQLSTATE[HY000] [1045] Access denied for user 'root'@'localhost' (using password: YES) [] []
[2020-01-13 08:53:35] UserModel.ERROR: Error Connection failed! SQLSTATE[HY000] [1045] Access denied for user 'root'@'localhost' (using password: YES) [] []
[2020-01-13 09:38:39] UserModel.ERROR: Error Connection failed! SQLSTATE[HY000] [1045] Access denied for user 'root'@'localhost' (using password: YES) [] []
[2020-01-13 09:38:39] SessionModel.ERROR: Error Connection failed! SQLSTATE[HY000] [1045] Access denied for user ''@'localhost' (using password: NO) [] []
[2020-01-13 09:47:25] UserModel.ERROR: Error Connection failed! SQLSTATE[HY000] [1045] Access denied for user ''@'localhost' (using password: NO) [] []
[2020-01-13 09:47:25] SessionModel.ERROR: Error Connection failed! SQLSTATE[HY000] [1045] Access denied for user ''@'localhost' (using password: NO) [] []
[2020-01-13 09:48:05] UserModel.ERROR: Error Connection failed! SQLSTATE[HY000] [1045] Access denied for user ''@'localhost' (using password: NO) [] []
[2020-01-13 09:48:05] SessionModel.ERROR: Error Connection failed! SQLSTATE[HY000] [1045] Access denied for user ''@'localhost' (using password: NO) [] []
[2020-01-13 09:48:22] UserModel.ERROR: Error Connection failed! SQLSTATE[HY000] [1045] Access denied for user 'root'@'localhost' (using password: YES) [] []
[2020-01-13 09:48:22] SessionModel.ERROR: Error Connection failed! SQLSTATE[HY000] [1045] Access denied for user ''@'localhost' (using password: NO) [] []
[2020-01-13 09:49:23] UserModel.ERROR: Error Connection failed! SQLSTATE[HY000] [1045] Access denied for user 'root'@'localhost' (using password: YES) [] []
[2020-01-13 09:49:23] SessionModel.ERROR: Error Connection failed! SQLSTATE[HY000] [1045] Access denied for user ''@'localhost' (using password: NO) [] []
[2020-01-13 09:50:38] UserModel.ERROR: Error Connection failed! SQLSTATE[HY000] [1045] Access denied for user 'root'@'localhost' (using password: YES) [] []
[2020-01-13 09:53:32] UserModel.ERROR: Error Connection failed! SQLSTATE[HY000] [1045] Access denied for user 'root'@'localhost' (using password: YES) [] []
[2020-01-13 09:53:32] SessionModel.ERROR: Error Connection failed! SQLSTATE[HY000] [1045] Access denied for user ''@'localhost' (using password: NO) [] []
[2020-01-13 09:54:25] UserModel.ERROR: Error SQLSTATE[HY000] [1045] Access denied for user 'root'@'localhost' (using password: YES) [] []
[2020-01-13 09:54:25] SessionModel.ERROR: Error SQLSTATE[HY000] [1045] Access denied for user ''@'localhost' (using password: NO) [] []
[2020-01-13 09:56:18] UserModel.ERROR: Error Connection failed! SQLSTATE[HY000] [1045] Access denied for user 'root'@'localhost' (using password: YES) [] []
[2020-01-13 09:56:18] SessionModel.ERROR: Error Connection failed! SQLSTATE[HY000] [1045] Access denied for user ''@'localhost' (using password: NO) [] []
[2020-01-13 09:56:21] UserModel.ERROR: Error Connection failed! SQLSTATE[HY000] [1045] Access denied for user 'root'@'localhost' (using password: YES) [] []
[2020-01-13 09:56:21] SessionModel.ERROR: Error Connection failed! SQLSTATE[HY000] [1045] Access denied for user ''@'localhost' (using password: NO) [] []
[2020-01-13 09:58:11] UserModel.ERROR: Error Connection failed! SQLSTATE[HY000] [1045] Access denied for user 'root'@'localhost' (using password: YES) [] []
[2020-01-13 09:58:11] SessionModel.ERROR: Error Connection failed! SQLSTATE[HY000] [1045] Access denied for user 'root'@'localhost' (using password: YES) [] []
[2020-01-13 09:58:19] UserModel.ERROR: Error Connection failed! SQLSTATE[HY000] [1045] Access denied for user 'root'@'localhost' (using password: YES) [] []
[2020-01-13 09:58:19] SessionModel.ERROR: Error Connection failed! SQLSTATE[HY000] [1045] Access denied for user 'root'@'localhost' (using password: YES) [] []
[2020-01-13 09:58:45] UserModel.ERROR: Error Connection failed! SQLSTATE[HY000] [1045] Access denied for user 'root'@'localhost' (using password: YES) [] []
[2020-01-13 09:58:45] SessionModel.ERROR: Error Connection failed! SQLSTATE[HY000] [1045] Access denied for user 'root'@'localhost' (using password: YES) [] []
[2020-01-13 10:31:00] UserModel.ERROR: Error Connection failed! SQLSTATE[HY000] [1045] Access denied for user 'root'@'localhost' (using password: YES) [] []
[2020-01-13 10:31:00] SessionModel.ERROR: Error Connection failed! SQLSTATE[HY000] [1045] Access denied for user 'root'@'localhost' (using password: YES) [] []
[2020-01-13 12:17:05] SessionModel.ERROR: Error Connection failed! SQLSTATE[HY000] [1045] Access denied for user ''@'localhost' (using password: NO) [] []
[2020-01-13 12:17:43] SessionModel.ERROR: Error Connection failed! SQLSTATE[HY000] [1045] Access denied for user ''@'localhost' (using password: NO) [] []
[2020-01-13 12:21:51] SessionModel.ERROR: Error Connection failed! SQLSTATE[HY000] [1045] Access denied for user ''@'localhost' (using password: NO) [] []
[2020-01-13 12:29:28] SessionModel.ERROR: Error Connection failed! SQLSTATE[HY000] [1045] Access denied for user ''@'localhost' (using password: NO) [] []
[2020-01-13 12:30:55] SessionModel.ERROR: Error Connection failed! SQLSTATE[HY000] [1045] Access denied for user ''@'localhost' (using password: NO) [] []
[2020-01-13 12:31:18] SessionModel.ERROR: Error Connection failed! SQLSTATE[HY000] [1045] Access denied for user ''@'localhost' (using password: NO) [] []
[2020-01-13 12:32:32] SessionModel.ERROR: Error Connection failed! SQLSTATE[HY000] [1045] Access denied for user ''@'localhost' (using password: NO) [] []
[2020-01-13 12:33:31] SessionModel.ERROR: Error Connection failed! SQLSTATE[HY000] [1045] Access denied for user ''@'localhost' (using password: NO) [] []
[2020-01-13 12:35:09] SessionModel.ERROR: Error Connection failed! SQLSTATE[HY000] [1045] Access denied for user ''@'localhost' (using password: NO) [] []
[2020-01-13 18:02:26] SessionModel.ERROR: Error Connection failed! SQLSTATE[HY000] [1045] Access denied for user ''@'localhost' (using password: NO) [] []
[2020-01-14 09:15:56] SessionModel.ERROR: Error Connection failed! SQLSTATE[HY000] [1045] Access denied for user ''@'localhost' (using password: NO) [] []
[2020-01-14 09:22:48] SessionModel.ERROR: Error Connection failed! SQLSTATE[HY000] [1045] Access denied for user ''@'localhost' (using password: NO) [] []
[2020-01-14 10:47:31] SessionModel.ERROR: Error Connection failed! SQLSTATE[HY000] [1045] Access denied for user ''@'localhost' (using password: NO) [] []
[2020-01-14 10:48:07] SessionModel.ERROR: Error Connection failed! SQLSTATE[HY000] [1045] Access denied for user ''@'localhost' (using password: NO) [] []
[2020-01-14 10:49:08] SessionModel.ERROR: Error Connection failed! SQLSTATE[HY000] [1045] Access denied for user ''@'localhost' (using password: NO) [] []
[2020-01-14 10:49:10] SessionModel.ERROR: Error Connection failed! SQLSTATE[HY000] [1045] Access denied for user ''@'localhost' (using password: NO) [] []
[2020-01-14 10:49:38] SessionModel.ERROR: Error Connection failed! SQLSTATE[HY000] [1045] Access denied for user ''@'localhost' (using password: NO) [] []
[2020-01-14 10:50:38] SessionModel.ERROR: Error Connection failed! SQLSTATE[HY000] [1045] Access denied for user ''@'localhost' (using password: NO) [] []
[2020-01-28 08:53:29] Email.ERROR: Email cannot be empty! [] []
[2020-01-28 08:53:30] Email.ERROR: Email is invalid! [] []
[2020-01-28 08:53:30] Phone.ERROR: Phone cannot be empty! [] []
[2020-01-28 08:53:30] Phone.ERROR: Phone number is invalid! [] []
[2020-01-28 08:54:25] Email.ERROR: Email cannot be empty! [] []
[2020-01-28 08:54:25] Email.ERROR: Email is invalid! [] []
[2020-01-28 08:54:25] Phone.ERROR: Phone cannot be empty! [] []
[2020-01-28 08:54:25] Phone.ERROR: Phone number is invalid! [] []
[2020-01-28 08:54:45] Email.ERROR: Email cannot be empty! [] []
[2020-01-28 08:54:45] Email.ERROR: Email is invalid! [] []
[2020-01-28 08:54:45] Phone.ERROR: Phone cannot be empty! [] []
[2020-01-28 08:54:45] Phone.ERROR: Phone number is invalid! [] []
[2020-01-28 09:23:34] Email.ERROR: Email cannot be empty! [] []
[2020-01-28 09:23:34] Email.ERROR: Email is invalid! [] []
[2020-01-28 09:23:34] Phone.ERROR: Phone cannot be empty! [] []
[2020-01-28 09:23:34] Phone.ERROR: Phone number is invalid! [] []
[2020-01-28 09:38:20] Email.ERROR: Email cannot be empty! [] []
[2020-01-28 09:38:20] Email.ERROR: Email is invalid! [] []
[2020-01-28 09:38:20] Phone.ERROR: Phone cannot be empty! [] []
[2020-01-28 09:38:20] Phone.ERROR: Phone number is invalid! [] []
[2020-01-28 09:41:00] Email.ERROR: Email cannot be empty! [] []
[2020-01-28 09:41:00] Email.ERROR: Email is invalid! [] []
[2020-01-28 09:41:00] Phone.ERROR: Phone cannot be empty! [] []
[2020-01-28 09:41:00] Phone.ERROR: Phone number is invalid! [] []
[2020-01-29 08:02:35] Email.ERROR: Email cannot be empty! [] []
[2020-01-29 08:02:36] Email.ERROR: Email is invalid! [] []
[2020-01-29 08:02:36] Phone.ERROR: Phone cannot be empty! [] []
[2020-01-29 08:02:36] Phone.ERROR: Phone number is invalid! [] []
[2020-02-04 07:54:24] UserModel.ERROR: Error Connection failed! could not find driver [] []
[2020-02-04 07:54:24] SessionModel.ERROR: Error Connection failed! could not find driver [] []
[2020-02-04 08:00:30] UserModel.ERROR: Error Connection failed! could not find driver [] []
[2020-02-04 08:00:30] SessionModel.ERROR: Error Connection failed! could not find driver [] []
[2020-02-04 08:54:53] UserModel.ERROR: Error Connection failed! could not find driver [] []
[2020-02-04 08:54:53] SessionModel.ERROR: Error Connection failed! could not find driver [] []
[2020-02-04 09:06:43] BusinessRoleModel.ERROR: Error Connection failed! could not find driver [] []
[2020-02-04 09:09:35] BusinessCreditModel.ERROR: Error Connection failed! could not find driver [] []
[2020-02-04 09:18:16] BusinessCreditModel.ERROR: Error Connection failed! could not find driver [] []
[2020-02-04 09:19:31] BusinessCreditModel.ERROR: Error Connection failed! could not find driver [] []
[2020-02-04 09:24:27] BusinessCreditModel.ERROR: Error Connection failed! could not find driver [] []
[2020-02-25 09:34:23] StockModel.ERROR: Error SQLSTATE[42000]: Syntax error or access violation: 1064 You have an error in your SQL syntax; check the manual that corresponds to your MySQL server version for the right syntax to use near '0' at line 1 [] []
[2020-02-25 09:34:48] StockModel.ERROR: Error SQLSTATE[42000]: Syntax error or access violation: 1064 You have an error in your SQL syntax; check the manual that corresponds to your MySQL server version for the right syntax to use near '0' at line 1 [] []
[2020-02-25 09:35:15] StockModel.ERROR: Error SQLSTATE[42000]: Syntax error or access violation: 1064 You have an error in your SQL syntax; check the manual that corresponds to your MySQL server version for the right syntax to use near '0' at line 1 [] []
[2020-02-25 09:35:32] StockModel.ERROR: Error SQLSTATE[42000]: Syntax error or access violation: 1064 You have an error in your SQL syntax; check the manual that corresponds to your MySQL server version for the right syntax to use near '0' at line 1 [] []
[2020-02-25 09:36:18] StockModel.ERROR: Error SQLSTATE[42000]: Syntax error or access violation: 1064 You have an error in your SQL syntax; check the manual that corresponds to your MySQL server version for the right syntax to use near '0' at line 1 [] []
[2020-02-25 09:51:24] StockModel.ERROR: Error SQLSTATE[42000]: Syntax error or access violation: 1064 You have an error in your SQL syntax; check the manual that corresponds to your MySQL server version for the right syntax to use near '0' at line 1 [] []
[2020-02-25 09:52:09] StockModel.ERROR: Error SQLSTATE[42000]: Syntax error or access violation: 1064 You have an error in your SQL syntax; check the manual that corresponds to your MySQL server version for the right syntax to use near '0' at line 1 [] []
[2020-02-25 09:58:23] StockModel.ERROR: Error SQLSTATE[42000]: Syntax error or access violation: 1064 You have an error in your SQL syntax; check the manual that corresponds to your MySQL server version for the right syntax to use near '0' at line 1 [] []
